2024-11-30 17:23:36,660 [Worker-11: Loading available Gradle versions] INFO  o.e.b.c.i.u.g.PublishedGradleVersions - Gradle version information cache is up-to-date. Trying to read.
2024-11-30 17:24:26,979 [Worker-12: Importing Maven projects] INFO  o.e.m.c.i.l.LifecycleMappingFactory - Using org.eclipse.m2e.jdt.JarLifecycleMapping lifecycle mapping for MavenProject: CS342Fall2024:FXTemplatePoker:0.0.1-SNAPSHOT @ /Users/buraksimsek/Desktop/final/ProjectThreeServer/pom.xml.
2024-11-30 17:24:27,929 [Worker-12: Importing Maven projects] INFO  o.e.m.j.i.AbstractJavaProjectConfigurator - Adding source folder /ProjectThreeServer/src/main/java
2024-11-30 17:24:27,931 [Worker-12: Importing Maven projects] INFO  o.e.m.j.i.AbstractJavaProjectConfigurator - Adding resource folder /ProjectThreeServer/src/main/resources
2024-11-30 17:24:27,932 [Worker-12: Importing Maven projects] INFO  o.e.m.j.i.AbstractJavaProjectConfigurator - Adding source folder /ProjectThreeServer/src/test/java
2024-11-30 17:24:27,932 [Worker-12: Importing Maven projects] INFO  o.e.m.j.i.AbstractJavaProjectConfigurator - Adding resource folder /ProjectThreeServer/src/test/resources
2024-11-30 17:24:28,053 [Worker-12: Importing Maven projects] INFO  o.e.m.c.i.p.ProjectConfigurationManager - Imported and configured 1 project(s) in 3 sec
2024-11-30 17:24:31,777 [Worker-35: Building] INFO  o.a.m.s.f.DefaultMavenResourcesFiltering - Copying 0 resource from src/main/resources to target/classes
2024-11-30 17:24:31,807 [Worker-35: Building] INFO  o.a.m.s.f.DefaultMavenResourcesFiltering - Copying 0 resource from src/test/resources to target/test-classes
2024-11-30 17:25:03,077 [Worker-26: Importing Maven projects] INFO  o.e.m.c.i.l.LifecycleMappingFactory - Using org.eclipse.m2e.jdt.JarLifecycleMapping lifecycle mapping for MavenProject: CS342Fall2024:FXTemplatePoker:0.0.1-SNAPSHOT @ /Users/buraksimsek/Desktop/final/ProjectThreeClient/pom.xml.
2024-11-30 17:25:03,285 [Worker-26: Importing Maven projects] INFO  o.e.m.j.i.AbstractJavaProjectConfigurator - Adding source folder /ProjectThreeClient/src/main/java
2024-11-30 17:25:03,286 [Worker-26: Importing Maven projects] INFO  o.e.m.j.i.AbstractJavaProjectConfigurator - Adding resource folder /ProjectThreeClient/src/main/resources
2024-11-30 17:25:03,287 [Worker-26: Importing Maven projects] INFO  o.e.m.j.i.AbstractJavaProjectConfigurator - Adding source folder /ProjectThreeClient/src/test/java
2024-11-30 17:25:03,287 [Worker-26: Importing Maven projects] INFO  o.e.m.j.i.AbstractJavaProjectConfigurator - Adding resource folder /ProjectThreeClient/src/test/resources
2024-11-30 17:25:03,324 [Worker-26: Importing Maven projects] INFO  o.e.m.c.i.p.ProjectConfigurationManager - Imported and configured 1 project(s) in 0 sec
2024-11-30 17:25:03,772 [Worker-36: Building] INFO  o.a.m.s.f.DefaultMavenResourcesFiltering - Copying 61 resources from src/main/resources to target/classes
2024-11-30 17:25:03,811 [Worker-36: Building] INFO  o.a.m.s.f.DefaultMavenResourcesFiltering - Copying 0 resource from src/test/resources to target/test-classes
2024-11-30 17:31:56,351 [Worker-0: Building] INFO  o.a.m.s.f.DefaultMavenResourcesFiltering - Copying 0 resource from src/main/resources to target/classes
2024-11-30 17:31:56,357 [Worker-0: Building] INFO  o.a.m.s.f.DefaultMavenResourcesFiltering - Copying 0 resource from src/test/resources to target/test-classes
2024-11-30 17:32:05,659 [Worker-6: Building] INFO  o.a.m.s.f.DefaultMavenResourcesFiltering - Copying 0 resource from src/main/resources to target/classes
2024-11-30 17:32:05,671 [Worker-6: Building] INFO  o.a.m.s.f.DefaultMavenResourcesFiltering - Copying 0 resource from src/test/resources to target/test-classes
2024-11-30 17:32:30,686 [Worker-33: Building] INFO  o.a.m.s.f.DefaultMavenResourcesFiltering - Copying 0 resource from src/main/resources to target/classes
2024-11-30 17:32:30,691 [Worker-33: Building] INFO  o.a.m.s.f.DefaultMavenResourcesFiltering - Copying 0 resource from src/test/resources to target/test-classes
2024-11-30 17:32:33,633 [Worker-12: Building] INFO  o.a.m.s.f.DefaultMavenResourcesFiltering - Copying 0 resource from src/main/resources to target/classes
2024-11-30 17:32:33,641 [Worker-12: Building] INFO  o.a.m.s.f.DefaultMavenResourcesFiltering - Copying 0 resource from src/test/resources to target/test-classes
2024-11-30 17:33:51,270 [Worker-15: Building] INFO  o.a.m.s.f.DefaultMavenResourcesFiltering - Copying 0 resource from src/main/resources to target/classes
2024-11-30 17:33:51,274 [Worker-15: Building] INFO  o.a.m.s.f.DefaultMavenResourcesFiltering - Copying 0 resource from src/test/resources to target/test-classes
2024-11-30 17:33:58,907 [Worker-12: Building] INFO  o.a.m.s.f.DefaultMavenResourcesFiltering - Copying 0 resource from src/main/resources to target/classes
2024-11-30 17:33:58,909 [Worker-12: Building] INFO  o.a.m.s.f.DefaultMavenResourcesFiltering - Copying 0 resource from src/test/resources to target/test-classes
2024-11-30 17:34:32,349 [Worker-33: Building] INFO  o.a.m.s.f.DefaultMavenResourcesFiltering - Copying 0 resource from src/main/resources to target/classes
2024-11-30 17:34:32,352 [Worker-33: Building] INFO  o.a.m.s.f.DefaultMavenResourcesFiltering - Copying 0 resource from src/test/resources to target/test-classes
2024-11-30 17:34:35,114 [Worker-33: Building] INFO  o.a.m.s.f.DefaultMavenResourcesFiltering - Copying 0 resource from src/main/resources to target/classes
2024-11-30 17:34:35,120 [Worker-33: Building] INFO  o.a.m.s.f.DefaultMavenResourcesFiltering - Copying 0 resource from src/test/resources to target/test-classes
2024-11-30 17:34:59,916 [Worker-33: Building] INFO  o.a.m.s.f.DefaultMavenResourcesFiltering - Copying 0 resource from src/main/resources to target/classes
2024-11-30 17:34:59,919 [Worker-33: Building] INFO  o.a.m.s.f.DefaultMavenResourcesFiltering - Copying 0 resource from src/test/resources to target/test-classes
2024-11-30 17:35:05,917 [Worker-0: Building] INFO  o.a.m.s.f.DefaultMavenResourcesFiltering - Copying 0 resource from src/main/resources to target/classes
2024-11-30 17:35:05,924 [Worker-0: Building] INFO  o.a.m.s.f.DefaultMavenResourcesFiltering - Copying 0 resource from src/test/resources to target/test-classes
2024-11-30 17:36:00,654 [Worker-31: Building] INFO  o.a.m.s.f.DefaultMavenResourcesFiltering - Copying 1 resource from src/main/resources to target/classes
2024-11-30 17:36:00,664 [Worker-31: Building] INFO  o.a.m.s.f.DefaultMavenResourcesFiltering - Copying 0 resource from src/test/resources to target/test-classes
2024-11-30 17:37:30,262 [Worker-15: Building] INFO  o.a.m.s.f.DefaultMavenResourcesFiltering - Copying 1 resource from src/main/resources to target/classes
2024-11-30 17:37:30,267 [Worker-15: Building] INFO  o.a.m.s.f.DefaultMavenResourcesFiltering - Copying 0 resource from src/test/resources to target/test-classes
2024-11-30 17:37:32,398 [Worker-0: Building] INFO  o.a.m.s.f.DefaultMavenResourcesFiltering - Copying 1 resource from src/main/resources to target/classes
2024-11-30 17:37:32,400 [Worker-0: Building] INFO  o.a.m.s.f.DefaultMavenResourcesFiltering - Copying 0 resource from src/test/resources to target/test-classes
2024-11-30 17:40:06,070 [Worker-0: Building] INFO  o.a.m.s.f.DefaultMavenResourcesFiltering - Copying 0 resource from src/main/resources to target/classes
2024-11-30 17:40:06,086 [Worker-0: Building] INFO  o.a.m.s.f.DefaultMavenResourcesFiltering - Copying 0 resource from src/test/resources to target/test-classes
2024-11-30 17:42:06,306 [Worker-37: Building] INFO  o.a.m.s.f.DefaultMavenResourcesFiltering - Copying 0 resource from src/main/resources to target/classes
2024-11-30 17:42:06,308 [Worker-37: Building] INFO  o.a.m.s.f.DefaultMavenResourcesFiltering - Copying 0 resource from src/test/resources to target/test-classes
2024-11-30 17:43:34,710 [Worker-33: Building] INFO  o.a.m.s.f.DefaultMavenResourcesFiltering - Copying 0 resource from src/main/resources to target/classes
2024-11-30 17:43:34,717 [Worker-33: Building] INFO  o.a.m.s.f.DefaultMavenResourcesFiltering - Copying 0 resource from src/test/resources to target/test-classes
2024-11-30 17:44:13,767 [Worker-0: Building] INFO  o.a.m.s.f.DefaultMavenResourcesFiltering - Copying 1 resource from src/main/resources to target/classes
2024-11-30 17:44:13,772 [Worker-0: Building] INFO  o.a.m.s.f.DefaultMavenResourcesFiltering - Copying 0 resource from src/test/resources to target/test-classes
2024-11-30 17:48:39,361 [Worker-33: Building] INFO  o.a.m.s.f.DefaultMavenResourcesFiltering - Copying 0 resource from src/main/resources to target/classes
2024-11-30 17:48:39,370 [Worker-33: Building] INFO  o.a.m.s.f.DefaultMavenResourcesFiltering - Copying 0 resource from src/test/resources to target/test-classes
2024-11-30 17:50:07,701 [Worker-33: Building] INFO  o.a.m.s.f.DefaultMavenResourcesFiltering - Copying 1 resource from src/main/resources to target/classes
2024-11-30 17:50:07,706 [Worker-33: Building] INFO  o.a.m.s.f.DefaultMavenResourcesFiltering - Copying 0 resource from src/test/resources to target/test-classes
2024-11-30 17:52:08,390 [Worker-37: Building] INFO  o.a.m.s.f.DefaultMavenResourcesFiltering - Copying 0 resource from src/main/resources to target/classes
2024-11-30 17:52:08,395 [Worker-37: Building] INFO  o.a.m.s.f.DefaultMavenResourcesFiltering - Copying 0 resource from src/test/resources to target/test-classes
2024-11-30 17:53:08,976 [Worker-31: Building] INFO  o.a.m.s.f.DefaultMavenResourcesFiltering - Copying 0 resource from src/main/resources to target/classes
2024-11-30 17:53:08,980 [Worker-31: Building] INFO  o.a.m.s.f.DefaultMavenResourcesFiltering - Copying 0 resource from src/test/resources to target/test-classes
2024-11-30 17:54:21,243 [Worker-39: Building] INFO  o.e.m.c.i.l.LifecycleMappingFactory - Using org.eclipse.m2e.jdt.JarLifecycleMapping lifecycle mapping for MavenProject: CS342Fall2024:projectThreeClient:0.0.1-SNAPSHOT @ /Users/buraksimsek/Desktop/final/ProjectThreeClient/pom.xml.
2024-11-30 17:54:21,372 [Worker-39: Building] INFO  o.a.m.s.f.DefaultMavenResourcesFiltering - Copying 1 resource from src/main/resources to target/classes
2024-11-30 17:54:21,376 [Worker-39: Building] INFO  o.a.m.s.f.DefaultMavenResourcesFiltering - Copying 0 resource from src/test/resources to target/test-classes
2024-11-30 17:54:21,475 [Worker-39: Building] INFO  o.e.m.c.i.l.LifecycleMappingFactory - Using org.eclipse.m2e.jdt.JarLifecycleMapping lifecycle mapping for MavenProject: CS342Fall2024:projectThreeServer:0.0.1-SNAPSHOT @ /Users/buraksimsek/Desktop/final/ProjectThreeServer/pom.xml.
2024-11-30 17:54:21,519 [Worker-39: Building] INFO  o.a.m.s.f.DefaultMavenResourcesFiltering - Copying 0 resource from src/main/resources to target/classes
2024-11-30 17:54:21,524 [Worker-39: Building] INFO  o.a.m.s.f.DefaultMavenResourcesFiltering - Copying 0 resource from src/test/resources to target/test-classes
2024-11-30 18:02:38,690 [Worker-38: Building] INFO  o.a.m.s.f.DefaultMavenResourcesFiltering - Copying 0 resource from src/main/resources to target/classes
2024-11-30 18:02:38,693 [Worker-38: Building] INFO  o.a.m.s.f.DefaultMavenResourcesFiltering - Copying 0 resource from src/test/resources to target/test-classes
2024-11-30 18:03:13,444 [Worker-38: Building] INFO  o.a.m.s.f.DefaultMavenResourcesFiltering - Copying 1 resource from src/main/resources to target/classes
2024-11-30 18:03:13,448 [Worker-38: Building] INFO  o.a.m.s.f.DefaultMavenResourcesFiltering - Copying 0 resource from src/test/resources to target/test-classes
2024-11-30 18:04:09,609 [Worker-37: Building] INFO  o.a.m.s.f.DefaultMavenResourcesFiltering - Copying 0 resource from src/main/resources to target/classes
2024-11-30 18:04:09,611 [Worker-37: Building] INFO  o.a.m.s.f.DefaultMavenResourcesFiltering - Copying 0 resource from src/test/resources to target/test-classes
2024-11-30 18:04:25,645 [Worker-40: Building] INFO  o.a.m.s.f.DefaultMavenResourcesFiltering - Copying 0 resource from src/main/resources to target/classes
2024-11-30 18:04:25,648 [Worker-40: Building] INFO  o.a.m.s.f.DefaultMavenResourcesFiltering - Copying 0 resource from src/test/resources to target/test-classes
2024-11-30 18:05:05,853 [Worker-37: Building] INFO  o.a.m.s.f.DefaultMavenResourcesFiltering - Copying 0 resource from src/main/resources to target/classes
2024-11-30 18:05:05,865 [Worker-37: Building] INFO  o.a.m.s.f.DefaultMavenResourcesFiltering - Copying 0 resource from src/test/resources to target/test-classes
2024-11-30 18:05:49,299 [Worker-40: Building] INFO  o.a.m.s.f.DefaultMavenResourcesFiltering - Copying 1 resource from src/main/resources to target/classes
2024-11-30 18:05:49,306 [Worker-40: Building] INFO  o.a.m.s.f.DefaultMavenResourcesFiltering - Copying 0 resource from src/test/resources to target/test-classes
2024-11-30 18:17:10,139 [Worker-41: Importing Maven projects] INFO  o.e.m.c.i.l.LifecycleMappingFactory - Using org.eclipse.m2e.jdt.JarLifecycleMapping lifecycle mapping for MavenProject: CS342Fall2024:projectThreeClient:0.0.1-SNAPSHOT @ /Users/buraksimsek/Desktop/final/ProjectThreeClient/pom.xml.
2024-11-30 18:17:10,874 [Worker-41: Importing Maven projects] INFO  o.e.m.j.i.AbstractJavaProjectConfigurator - Adding source folder /ProjectThreeClient/src/main/java
2024-11-30 18:17:10,874 [Worker-41: Importing Maven projects] INFO  o.e.m.j.i.AbstractJavaProjectConfigurator - Adding resource folder /ProjectThreeClient/src/main/resources
2024-11-30 18:17:10,875 [Worker-41: Importing Maven projects] INFO  o.e.m.j.i.AbstractJavaProjectConfigurator - Adding source folder /ProjectThreeClient/src/test/java
2024-11-30 18:17:10,875 [Worker-41: Importing Maven projects] INFO  o.e.m.j.i.AbstractJavaProjectConfigurator - Adding resource folder /ProjectThreeClient/src/test/resources
2024-11-30 18:17:10,921 [Worker-41: Importing Maven projects] INFO  o.e.m.c.i.p.ProjectConfigurationManager - Imported and configured 1 project(s) in 1 sec
2024-11-30 18:17:11,083 [Worker-41: Building] INFO  o.a.m.s.f.DefaultMavenResourcesFiltering - Copying 61 resources from src/main/resources to target/classes
2024-11-30 18:17:11,094 [Worker-41: Building] INFO  o.a.m.s.f.DefaultMavenResourcesFiltering - Copying 0 resource from src/test/resources to target/test-classes
2024-11-30 18:17:23,028 [Worker-38: Importing Maven projects] INFO  o.e.m.c.i.l.LifecycleMappingFactory - Using org.eclipse.m2e.jdt.JarLifecycleMapping lifecycle mapping for MavenProject: CS342Fall2024:projectThreeServer:0.0.1-SNAPSHOT @ /Users/buraksimsek/Desktop/final/ProjectThreeServer/pom.xml.
2024-11-30 18:17:23,554 [Worker-38: Importing Maven projects] INFO  o.e.m.j.i.AbstractJavaProjectConfigurator - Adding source folder /ProjectThreeServer/src/main/java
2024-11-30 18:17:23,555 [Worker-38: Importing Maven projects] INFO  o.e.m.j.i.AbstractJavaProjectConfigurator - Adding resource folder /ProjectThreeServer/src/main/resources
2024-11-30 18:17:23,555 [Worker-38: Importing Maven projects] INFO  o.e.m.j.i.AbstractJavaProjectConfigurator - Adding source folder /ProjectThreeServer/src/test/java
2024-11-30 18:17:23,555 [Worker-38: Importing Maven projects] INFO  o.e.m.j.i.AbstractJavaProjectConfigurator - Adding resource folder /ProjectThreeServer/src/test/resources
2024-11-30 18:17:23,589 [Worker-38: Importing Maven projects] INFO  o.e.m.c.i.p.ProjectConfigurationManager - Imported and configured 1 project(s) in 0 sec
2024-11-30 18:17:23,928 [Worker-38: Building] INFO  o.a.m.s.f.DefaultMavenResourcesFiltering - Copying 0 resource from src/main/resources to target/classes
2024-11-30 18:17:23,929 [Worker-38: Building] INFO  o.a.m.s.f.DefaultMavenResourcesFiltering - Copying 0 resource from src/test/resources to target/test-classes
2024-11-30 18:20:39,916 [Worker-37: Building] INFO  o.a.m.s.f.DefaultMavenResourcesFiltering - Copying 0 resource from src/main/resources to target/classes
2024-11-30 18:20:39,918 [Worker-37: Building] INFO  o.a.m.s.f.DefaultMavenResourcesFiltering - Copying 0 resource from src/test/resources to target/test-classes
2024-11-30 18:20:51,692 [Worker-38: Building] INFO  o.a.m.s.f.DefaultMavenResourcesFiltering - Copying 0 resource from src/main/resources to target/classes
2024-11-30 18:20:51,694 [Worker-38: Building] INFO  o.a.m.s.f.DefaultMavenResourcesFiltering - Copying 0 resource from src/test/resources to target/test-classes
2024-11-30 18:21:10,115 [Worker-38: Building] INFO  o.a.m.s.f.DefaultMavenResourcesFiltering - Copying 0 resource from src/main/resources to target/classes
2024-11-30 18:21:10,141 [Worker-38: Building] INFO  o.a.m.s.f.DefaultMavenResourcesFiltering - Copying 0 resource from src/test/resources to target/test-classes
2024-11-30 18:21:47,835 [Worker-37: Building] INFO  o.a.m.s.f.DefaultMavenResourcesFiltering - Copying 0 resource from src/main/resources to target/classes
2024-11-30 18:21:47,837 [Worker-37: Building] INFO  o.a.m.s.f.DefaultMavenResourcesFiltering - Copying 0 resource from src/test/resources to target/test-classes
2024-11-30 18:21:57,569 [Worker-43: Building] INFO  o.a.m.s.f.DefaultMavenResourcesFiltering - Copying 0 resource from src/main/resources to target/classes
2024-11-30 18:21:57,572 [Worker-43: Building] INFO  o.a.m.s.f.DefaultMavenResourcesFiltering - Copying 0 resource from src/test/resources to target/test-classes
2024-11-30 18:22:19,824 [Worker-42: Building] INFO  o.a.m.s.f.DefaultMavenResourcesFiltering - Copying 1 resource from src/main/resources to target/classes
2024-11-30 18:22:19,833 [Worker-42: Building] INFO  o.a.m.s.f.DefaultMavenResourcesFiltering - Copying 0 resource from src/test/resources to target/test-classes
2024-11-30 18:22:51,104 [Worker-42: Building] INFO  o.a.m.s.f.DefaultMavenResourcesFiltering - Copying 0 resource from src/main/resources to target/classes
2024-11-30 18:22:51,106 [Worker-42: Building] INFO  o.a.m.s.f.DefaultMavenResourcesFiltering - Copying 0 resource from src/test/resources to target/test-classes
2024-11-30 18:23:04,373 [Worker-42: Building] INFO  o.a.m.s.f.DefaultMavenResourcesFiltering - Copying 0 resource from src/main/resources to target/classes
2024-11-30 18:23:04,376 [Worker-42: Building] INFO  o.a.m.s.f.DefaultMavenResourcesFiltering - Copying 0 resource from src/test/resources to target/test-classes
2024-11-30 18:23:18,730 [Worker-43: Building] INFO  o.a.m.s.f.DefaultMavenResourcesFiltering - Copying 0 resource from src/main/resources to target/classes
2024-11-30 18:23:18,731 [Worker-43: Building] INFO  o.a.m.s.f.DefaultMavenResourcesFiltering - Copying 0 resource from src/test/resources to target/test-classes
2024-11-30 18:26:48,142 [Worker-37: Building] INFO  o.a.m.s.f.DefaultMavenResourcesFiltering - Copying 0 resource from src/main/resources to target/classes
2024-11-30 18:26:48,147 [Worker-37: Building] INFO  o.a.m.s.f.DefaultMavenResourcesFiltering - Copying 0 resource from src/test/resources to target/test-classes
2024-11-30 18:28:04,026 [main] INFO  o.e.m2e.actions.ExecutePomAction - Creating new launch configuration
2024-11-30 18:28:07,601 [Worker-42: Launching ProjectThreeClient] INFO  o.eclipse.m2e.core.internal.Bundles - getClasspathEntries(Bundle=org.eclipse.m2e.maven.runtime_3.9.700.20240602-2313 [294])
2024-11-30 18:28:07,604 [Worker-42: Launching ProjectThreeClient] INFO  o.eclipse.m2e.core.internal.Bundles - 	Entry: /Users/buraksimsek/.p2/pool/plugins/org.eclipse.m2e.maven.runtime_3.9.700.20240602-2313
2024-11-30 18:28:07,605 [Worker-42: Launching ProjectThreeClient] INFO  o.eclipse.m2e.core.internal.Bundles - 	Entry: /Users/buraksimsek/.p2/pool/plugins/org.eclipse.m2e.maven.runtime_3.9.700.20240602-2313/jars/aopalliance-1.0.jar
2024-11-30 18:28:07,605 [Worker-42: Launching ProjectThreeClient] INFO  o.eclipse.m2e.core.internal.Bundles - 	Entry: /Users/buraksimsek/.p2/pool/plugins/org.eclipse.m2e.maven.runtime_3.9.700.20240602-2313/jars/guice-5.1.0.jar
2024-11-30 18:28:07,605 [Worker-42: Launching ProjectThreeClient] INFO  o.eclipse.m2e.core.internal.Bundles - 	Entry: /Users/buraksimsek/.p2/pool/plugins/org.eclipse.m2e.maven.runtime_3.9.700.20240602-2313/jars/httpclient-4.5.14.jar
2024-11-30 18:28:07,605 [Worker-42: Launching ProjectThreeClient] INFO  o.eclipse.m2e.core.internal.Bundles - 	Entry: /Users/buraksimsek/.p2/pool/plugins/org.eclipse.m2e.maven.runtime_3.9.700.20240602-2313/jars/httpcore-4.4.16.jar
2024-11-30 18:28:07,605 [Worker-42: Launching ProjectThreeClient] INFO  o.eclipse.m2e.core.internal.Bundles - 	Entry: /Users/buraksimsek/.p2/pool/plugins/org.eclipse.m2e.maven.runtime_3.9.700.20240602-2313/jars/jansi-2.4.1.jar
2024-11-30 18:28:07,605 [Worker-42: Launching ProjectThreeClient] INFO  o.eclipse.m2e.core.internal.Bundles - 	Entry: /Users/buraksimsek/.p2/pool/plugins/org.eclipse.m2e.maven.runtime_3.9.700.20240602-2313/jars/jcl-over-slf4j-1.7.36.jar
2024-11-30 18:28:07,605 [Worker-42: Launching ProjectThreeClient] INFO  o.eclipse.m2e.core.internal.Bundles - 	Entry: /Users/buraksimsek/.p2/pool/plugins/org.eclipse.m2e.maven.runtime_3.9.700.20240602-2313/jars/maven-artifact-3.9.7.jar
2024-11-30 18:28:07,605 [Worker-42: Launching ProjectThreeClient] INFO  o.eclipse.m2e.core.internal.Bundles - 	Entry: /Users/buraksimsek/.p2/pool/plugins/org.eclipse.m2e.maven.runtime_3.9.700.20240602-2313/jars/maven-builder-support-3.9.7.jar
2024-11-30 18:28:07,605 [Worker-42: Launching ProjectThreeClient] INFO  o.eclipse.m2e.core.internal.Bundles - 	Entry: /Users/buraksimsek/.p2/pool/plugins/org.eclipse.m2e.maven.runtime_3.9.700.20240602-2313/jars/maven-compat-3.9.7.jar
2024-11-30 18:28:07,605 [Worker-42: Launching ProjectThreeClient] INFO  o.eclipse.m2e.core.internal.Bundles - 	Entry: /Users/buraksimsek/.p2/pool/plugins/org.eclipse.m2e.maven.runtime_3.9.700.20240602-2313/jars/maven-core-3.9.7.jar
2024-11-30 18:28:07,605 [Worker-42: Launching ProjectThreeClient] INFO  o.eclipse.m2e.core.internal.Bundles - 	Entry: /Users/buraksimsek/.p2/pool/plugins/org.eclipse.m2e.maven.runtime_3.9.700.20240602-2313/jars/maven-embedder-3.9.7.jar
2024-11-30 18:28:07,605 [Worker-42: Launching ProjectThreeClient] INFO  o.eclipse.m2e.core.internal.Bundles - 	Entry: /Users/buraksimsek/.p2/pool/plugins/org.eclipse.m2e.maven.runtime_3.9.700.20240602-2313/jars/maven-model-3.9.7.jar
2024-11-30 18:28:07,605 [Worker-42: Launching ProjectThreeClient] INFO  o.eclipse.m2e.core.internal.Bundles - 	Entry: /Users/buraksimsek/.p2/pool/plugins/org.eclipse.m2e.maven.runtime_3.9.700.20240602-2313/jars/maven-model-builder-3.9.7.jar
2024-11-30 18:28:07,605 [Worker-42: Launching ProjectThreeClient] INFO  o.eclipse.m2e.core.internal.Bundles - 	Entry: /Users/buraksimsek/.p2/pool/plugins/org.eclipse.m2e.maven.runtime_3.9.700.20240602-2313/jars/maven-plugin-api-3.9.7.jar
2024-11-30 18:28:07,605 [Worker-42: Launching ProjectThreeClient] INFO  o.eclipse.m2e.core.internal.Bundles - 	Entry: /Users/buraksimsek/.p2/pool/plugins/org.eclipse.m2e.maven.runtime_3.9.700.20240602-2313/jars/maven-repository-metadata-3.9.7.jar
2024-11-30 18:28:07,605 [Worker-42: Launching ProjectThreeClient] INFO  o.eclipse.m2e.core.internal.Bundles - 	Entry: /Users/buraksimsek/.p2/pool/plugins/org.eclipse.m2e.maven.runtime_3.9.700.20240602-2313/jars/maven-resolver-api-1.9.20.jar
2024-11-30 18:28:07,605 [Worker-42: Launching ProjectThreeClient] INFO  o.eclipse.m2e.core.internal.Bundles - 	Entry: /Users/buraksimsek/.p2/pool/plugins/org.eclipse.m2e.maven.runtime_3.9.700.20240602-2313/jars/maven-resolver-connector-basic-1.9.20.jar
2024-11-30 18:28:07,605 [Worker-42: Launching ProjectThreeClient] INFO  o.eclipse.m2e.core.internal.Bundles - 	Entry: /Users/buraksimsek/.p2/pool/plugins/org.eclipse.m2e.maven.runtime_3.9.700.20240602-2313/jars/maven-resolver-impl-1.9.20.jar
2024-11-30 18:28:07,606 [Worker-42: Launching ProjectThreeClient] INFO  o.eclipse.m2e.core.internal.Bundles - 	Entry: /Users/buraksimsek/.p2/pool/plugins/org.eclipse.m2e.maven.runtime_3.9.700.20240602-2313/jars/maven-resolver-named-locks-1.9.20.jar
2024-11-30 18:28:07,606 [Worker-42: Launching ProjectThreeClient] INFO  o.eclipse.m2e.core.internal.Bundles - 	Entry: /Users/buraksimsek/.p2/pool/plugins/org.eclipse.m2e.maven.runtime_3.9.700.20240602-2313/jars/maven-resolver-provider-3.9.7.jar
2024-11-30 18:28:07,606 [Worker-42: Launching ProjectThreeClient] INFO  o.eclipse.m2e.core.internal.Bundles - 	Entry: /Users/buraksimsek/.p2/pool/plugins/org.eclipse.m2e.maven.runtime_3.9.700.20240602-2313/jars/maven-resolver-spi-1.9.20.jar
2024-11-30 18:28:07,606 [Worker-42: Launching ProjectThreeClient] INFO  o.eclipse.m2e.core.internal.Bundles - 	Entry: /Users/buraksimsek/.p2/pool/plugins/org.eclipse.m2e.maven.runtime_3.9.700.20240602-2313/jars/maven-resolver-transport-file-1.9.20.jar
2024-11-30 18:28:07,606 [Worker-42: Launching ProjectThreeClient] INFO  o.eclipse.m2e.core.internal.Bundles - 	Entry: /Users/buraksimsek/.p2/pool/plugins/org.eclipse.m2e.maven.runtime_3.9.700.20240602-2313/jars/maven-resolver-transport-http-1.9.20.jar
2024-11-30 18:28:07,606 [Worker-42: Launching ProjectThreeClient] INFO  o.eclipse.m2e.core.internal.Bundles - 	Entry: /Users/buraksimsek/.p2/pool/plugins/org.eclipse.m2e.maven.runtime_3.9.700.20240602-2313/jars/maven-resolver-transport-wagon-1.9.20.jar
2024-11-30 18:28:07,607 [Worker-42: Launching ProjectThreeClient] INFO  o.eclipse.m2e.core.internal.Bundles - 	Entry: /Users/buraksimsek/.p2/pool/plugins/org.eclipse.m2e.maven.runtime_3.9.700.20240602-2313/jars/maven-resolver-util-1.9.20.jar
2024-11-30 18:28:07,607 [Worker-42: Launching ProjectThreeClient] INFO  o.eclipse.m2e.core.internal.Bundles - 	Entry: /Users/buraksimsek/.p2/pool/plugins/org.eclipse.m2e.maven.runtime_3.9.700.20240602-2313/jars/maven-settings-3.9.7.jar
2024-11-30 18:28:07,607 [Worker-42: Launching ProjectThreeClient] INFO  o.eclipse.m2e.core.internal.Bundles - 	Entry: /Users/buraksimsek/.p2/pool/plugins/org.eclipse.m2e.maven.runtime_3.9.700.20240602-2313/jars/maven-settings-builder-3.9.7.jar
2024-11-30 18:28:07,607 [Worker-42: Launching ProjectThreeClient] INFO  o.eclipse.m2e.core.internal.Bundles - 	Entry: /Users/buraksimsek/.p2/pool/plugins/org.eclipse.m2e.maven.runtime_3.9.700.20240602-2313/jars/maven-shared-utils-3.4.2.jar
2024-11-30 18:28:07,607 [Worker-42: Launching ProjectThreeClient] INFO  o.eclipse.m2e.core.internal.Bundles - 	Entry: /Users/buraksimsek/.p2/pool/plugins/org.eclipse.m2e.maven.runtime_3.9.700.20240602-2313/jars/org.eclipse.sisu.inject-0.9.0.M2.jar
2024-11-30 18:28:07,607 [Worker-42: Launching ProjectThreeClient] INFO  o.eclipse.m2e.core.internal.Bundles - 	Entry: /Users/buraksimsek/.p2/pool/plugins/org.eclipse.m2e.maven.runtime_3.9.700.20240602-2313/jars/org.eclipse.sisu.plexus-0.9.0.M2.jar
2024-11-30 18:28:07,607 [Worker-42: Launching ProjectThreeClient] INFO  o.eclipse.m2e.core.internal.Bundles - 	Entry: /Users/buraksimsek/.p2/pool/plugins/org.eclipse.m2e.maven.runtime_3.9.700.20240602-2313/jars/plexus-build-api-0.0.7.jar
2024-11-30 18:28:07,607 [Worker-42: Launching ProjectThreeClient] INFO  o.eclipse.m2e.core.internal.Bundles - 	Entry: /Users/buraksimsek/.p2/pool/plugins/org.eclipse.m2e.maven.runtime_3.9.700.20240602-2313/jars/plexus-build-api-1.2.0.jar
2024-11-30 18:28:07,607 [Worker-42: Launching ProjectThreeClient] INFO  o.eclipse.m2e.core.internal.Bundles - 	Entry: /Users/buraksimsek/.p2/pool/plugins/org.eclipse.m2e.maven.runtime_3.9.700.20240602-2313/jars/plexus-cipher-2.0.jar
2024-11-30 18:28:07,607 [Worker-42: Launching ProjectThreeClient] INFO  o.eclipse.m2e.core.internal.Bundles - 	Entry: /Users/buraksimsek/.p2/pool/plugins/org.eclipse.m2e.maven.runtime_3.9.700.20240602-2313/jars/plexus-classworlds-2.8.0.jar
2024-11-30 18:28:07,607 [Worker-42: Launching ProjectThreeClient] INFO  o.eclipse.m2e.core.internal.Bundles - 	Entry: /Users/buraksimsek/.p2/pool/plugins/org.eclipse.m2e.maven.runtime_3.9.700.20240602-2313/jars/plexus-component-annotations-2.1.0.jar
2024-11-30 18:28:07,607 [Worker-42: Launching ProjectThreeClient] INFO  o.eclipse.m2e.core.internal.Bundles - 	Entry: /Users/buraksimsek/.p2/pool/plugins/org.eclipse.m2e.maven.runtime_3.9.700.20240602-2313/jars/plexus-interpolation-1.27.jar
2024-11-30 18:28:07,607 [Worker-42: Launching ProjectThreeClient] INFO  o.eclipse.m2e.core.internal.Bundles - 	Entry: /Users/buraksimsek/.p2/pool/plugins/org.eclipse.m2e.maven.runtime_3.9.700.20240602-2313/jars/plexus-sec-dispatcher-2.0.jar
2024-11-30 18:28:07,607 [Worker-42: Launching ProjectThreeClient] INFO  o.eclipse.m2e.core.internal.Bundles - 	Entry: /Users/buraksimsek/.p2/pool/plugins/org.eclipse.m2e.maven.runtime_3.9.700.20240602-2313/jars/plexus-utils-3.5.1.jar
2024-11-30 18:28:07,607 [Worker-42: Launching ProjectThreeClient] INFO  o.eclipse.m2e.core.internal.Bundles - 	Entry: /Users/buraksimsek/.p2/pool/plugins/org.eclipse.m2e.maven.runtime_3.9.700.20240602-2313/jars/wagon-file-3.5.3.jar
2024-11-30 18:28:07,608 [Worker-42: Launching ProjectThreeClient] INFO  o.eclipse.m2e.core.internal.Bundles - 	Entry: /Users/buraksimsek/.p2/pool/plugins/org.eclipse.m2e.maven.runtime_3.9.700.20240602-2313/jars/wagon-http-3.5.3.jar
2024-11-30 18:28:07,608 [Worker-42: Launching ProjectThreeClient] INFO  o.eclipse.m2e.core.internal.Bundles - 	Entry: /Users/buraksimsek/.p2/pool/plugins/org.eclipse.m2e.maven.runtime_3.9.700.20240602-2313/jars/wagon-http-shared-3.5.3.jar
2024-11-30 18:28:07,608 [Worker-42: Launching ProjectThreeClient] INFO  o.eclipse.m2e.core.internal.Bundles - 	Entry: /Users/buraksimsek/.p2/pool/plugins/org.eclipse.m2e.maven.runtime_3.9.700.20240602-2313/jars/wagon-provider-api-3.5.3.jar
2024-11-30 18:28:07,609 [Worker-42: Launching ProjectThreeClient] INFO  o.eclipse.m2e.core.internal.Bundles - getClasspathEntries(Bundle=com.google.guava_33.3.0.jre [524])
2024-11-30 18:28:07,610 [Worker-42: Launching ProjectThreeClient] INFO  o.eclipse.m2e.core.internal.Bundles - 	Entry: /Users/buraksimsek/.p2/pool/plugins/com.google.guava_33.3.0.jre.jar
2024-11-30 18:28:07,610 [Worker-42: Launching ProjectThreeClient] INFO  o.eclipse.m2e.core.internal.Bundles - getClasspathEntries(Bundle=slf4j.api_2.0.16 [515])
2024-11-30 18:28:07,610 [Worker-42: Launching ProjectThreeClient] INFO  o.eclipse.m2e.core.internal.Bundles - 	Entry: /Users/buraksimsek/.p2/pool/plugins/slf4j.api_2.0.16.jar
2024-11-30 18:28:07,610 [Worker-42: Launching ProjectThreeClient] INFO  o.eclipse.m2e.core.internal.Bundles - getClasspathEntries(Bundle=jakarta.inject.jakarta.inject-api_1.0.5 [21])
2024-11-30 18:28:07,610 [Worker-42: Launching ProjectThreeClient] INFO  o.eclipse.m2e.core.internal.Bundles - 	Entry: /Users/buraksimsek/.p2/pool/plugins/jakarta.inject.jakarta.inject-api_1.0.5.jar
2024-11-30 18:28:07,610 [Worker-42: Launching ProjectThreeClient] INFO  o.eclipse.m2e.core.internal.Bundles - getClasspathEntries(Bundle=javax.annotation_1.3.5.v20200909-1856 [24])
2024-11-30 18:28:07,610 [Worker-42: Launching ProjectThreeClient] INFO  o.eclipse.m2e.core.internal.Bundles - 	Entry: /Users/buraksimsek/.p2/pool/plugins/javax.annotation_1.3.5.v20200909-1856.jar
2024-11-30 18:28:07,610 [Worker-42: Launching ProjectThreeClient] INFO  o.eclipse.m2e.core.internal.Bundles - getClasspathEntries(Bundle=org.apache.commons.cli_1.9.0 [531])
2024-11-30 18:28:07,610 [Worker-42: Launching ProjectThreeClient] INFO  o.eclipse.m2e.core.internal.Bundles - 	Entry: /Users/buraksimsek/.p2/pool/plugins/org.apache.commons.cli_1.9.0.jar
2024-11-30 18:28:07,610 [Worker-42: Launching ProjectThreeClient] INFO  o.eclipse.m2e.core.internal.Bundles - getClasspathEntries(Bundle=org.apache.commons.commons-codec_1.16.0 [48])
2024-11-30 18:28:07,610 [Worker-42: Launching ProjectThreeClient] INFO  o.eclipse.m2e.core.internal.Bundles - 	Entry: /Users/buraksimsek/.p2/pool/plugins/org.apache.commons.commons-codec_1.16.0.jar
2024-11-30 18:28:07,610 [Worker-42: Launching ProjectThreeClient] INFO  o.eclipse.m2e.core.internal.Bundles - getClasspathEntries(Bundle=org.apache.commons.lang3_3.16.0 [533])
2024-11-30 18:28:07,610 [Worker-42: Launching ProjectThreeClient] INFO  o.eclipse.m2e.core.internal.Bundles - 	Entry: /Users/buraksimsek/.p2/pool/plugins/org.apache.commons.lang3_3.16.0.jar
2024-11-30 18:28:07,610 [Worker-42: Launching ProjectThreeClient] INFO  o.eclipse.m2e.core.internal.Bundles - getClasspathEntries(Bundle=com.google.guava.failureaccess_1.0.2 [11])
2024-11-30 18:28:07,610 [Worker-42: Launching ProjectThreeClient] INFO  o.eclipse.m2e.core.internal.Bundles - 	Entry: /Users/buraksimsek/.p2/pool/plugins/com.google.guava.failureaccess_1.0.2.jar
2024-11-30 18:28:07,612 [Worker-42: Launching ProjectThreeClient] INFO  o.e.m.i.launch.MavenLaunchDelegate - Run build in "/Users/buraksimsek/Desktop/final/ProjectThreeClient":
2024-11-30 18:28:07,616 [Worker-42: Launching ProjectThreeClient] INFO  o.e.m.i.launch.MavenLaunchDelegate -  mvn  -B -Dstyle.color=always 
2024-11-30 18:28:27,052 [main] INFO  o.e.m2e.actions.ExecutePomAction - Creating new launch configuration
2024-11-30 18:28:30,248 [Worker-37: Launching ProjectThreeClient (1)] INFO  o.eclipse.m2e.core.internal.Bundles - getClasspathEntries(Bundle=org.eclipse.m2e.maven.runtime_3.9.700.20240602-2313 [294])
2024-11-30 18:28:30,249 [Worker-37: Launching ProjectThreeClient (1)] INFO  o.eclipse.m2e.core.internal.Bundles - 	Entry: /Users/buraksimsek/.p2/pool/plugins/org.eclipse.m2e.maven.runtime_3.9.700.20240602-2313
2024-11-30 18:28:30,250 [Worker-37: Launching ProjectThreeClient (1)] INFO  o.eclipse.m2e.core.internal.Bundles - 	Entry: /Users/buraksimsek/.p2/pool/plugins/org.eclipse.m2e.maven.runtime_3.9.700.20240602-2313/jars/aopalliance-1.0.jar
2024-11-30 18:28:30,250 [Worker-37: Launching ProjectThreeClient (1)] INFO  o.eclipse.m2e.core.internal.Bundles - 	Entry: /Users/buraksimsek/.p2/pool/plugins/org.eclipse.m2e.maven.runtime_3.9.700.20240602-2313/jars/guice-5.1.0.jar
2024-11-30 18:28:30,250 [Worker-37: Launching ProjectThreeClient (1)] INFO  o.eclipse.m2e.core.internal.Bundles - 	Entry: /Users/buraksimsek/.p2/pool/plugins/org.eclipse.m2e.maven.runtime_3.9.700.20240602-2313/jars/httpclient-4.5.14.jar
2024-11-30 18:28:30,250 [Worker-37: Launching ProjectThreeClient (1)] INFO  o.eclipse.m2e.core.internal.Bundles - 	Entry: /Users/buraksimsek/.p2/pool/plugins/org.eclipse.m2e.maven.runtime_3.9.700.20240602-2313/jars/httpcore-4.4.16.jar
2024-11-30 18:28:30,250 [Worker-37: Launching ProjectThreeClient (1)] INFO  o.eclipse.m2e.core.internal.Bundles - 	Entry: /Users/buraksimsek/.p2/pool/plugins/org.eclipse.m2e.maven.runtime_3.9.700.20240602-2313/jars/jansi-2.4.1.jar
2024-11-30 18:28:30,250 [Worker-37: Launching ProjectThreeClient (1)] INFO  o.eclipse.m2e.core.internal.Bundles - 	Entry: /Users/buraksimsek/.p2/pool/plugins/org.eclipse.m2e.maven.runtime_3.9.700.20240602-2313/jars/jcl-over-slf4j-1.7.36.jar
2024-11-30 18:28:30,250 [Worker-37: Launching ProjectThreeClient (1)] INFO  o.eclipse.m2e.core.internal.Bundles - 	Entry: /Users/buraksimsek/.p2/pool/plugins/org.eclipse.m2e.maven.runtime_3.9.700.20240602-2313/jars/maven-artifact-3.9.7.jar
2024-11-30 18:28:30,250 [Worker-37: Launching ProjectThreeClient (1)] INFO  o.eclipse.m2e.core.internal.Bundles - 	Entry: /Users/buraksimsek/.p2/pool/plugins/org.eclipse.m2e.maven.runtime_3.9.700.20240602-2313/jars/maven-builder-support-3.9.7.jar
2024-11-30 18:28:30,250 [Worker-37: Launching ProjectThreeClient (1)] INFO  o.eclipse.m2e.core.internal.Bundles - 	Entry: /Users/buraksimsek/.p2/pool/plugins/org.eclipse.m2e.maven.runtime_3.9.700.20240602-2313/jars/maven-compat-3.9.7.jar
2024-11-30 18:28:30,250 [Worker-37: Launching ProjectThreeClient (1)] INFO  o.eclipse.m2e.core.internal.Bundles - 	Entry: /Users/buraksimsek/.p2/pool/plugins/org.eclipse.m2e.maven.runtime_3.9.700.20240602-2313/jars/maven-core-3.9.7.jar
2024-11-30 18:28:30,250 [Worker-37: Launching ProjectThreeClient (1)] INFO  o.eclipse.m2e.core.internal.Bundles - 	Entry: /Users/buraksimsek/.p2/pool/plugins/org.eclipse.m2e.maven.runtime_3.9.700.20240602-2313/jars/maven-embedder-3.9.7.jar
2024-11-30 18:28:30,250 [Worker-37: Launching ProjectThreeClient (1)] INFO  o.eclipse.m2e.core.internal.Bundles - 	Entry: /Users/buraksimsek/.p2/pool/plugins/org.eclipse.m2e.maven.runtime_3.9.700.20240602-2313/jars/maven-model-3.9.7.jar
2024-11-30 18:28:30,250 [Worker-37: Launching ProjectThreeClient (1)] INFO  o.eclipse.m2e.core.internal.Bundles - 	Entry: /Users/buraksimsek/.p2/pool/plugins/org.eclipse.m2e.maven.runtime_3.9.700.20240602-2313/jars/maven-model-builder-3.9.7.jar
2024-11-30 18:28:30,250 [Worker-37: Launching ProjectThreeClient (1)] INFO  o.eclipse.m2e.core.internal.Bundles - 	Entry: /Users/buraksimsek/.p2/pool/plugins/org.eclipse.m2e.maven.runtime_3.9.700.20240602-2313/jars/maven-plugin-api-3.9.7.jar
2024-11-30 18:28:30,250 [Worker-37: Launching ProjectThreeClient (1)] INFO  o.eclipse.m2e.core.internal.Bundles - 	Entry: /Users/buraksimsek/.p2/pool/plugins/org.eclipse.m2e.maven.runtime_3.9.700.20240602-2313/jars/maven-repository-metadata-3.9.7.jar
2024-11-30 18:28:30,250 [Worker-37: Launching ProjectThreeClient (1)] INFO  o.eclipse.m2e.core.internal.Bundles - 	Entry: /Users/buraksimsek/.p2/pool/plugins/org.eclipse.m2e.maven.runtime_3.9.700.20240602-2313/jars/maven-resolver-api-1.9.20.jar
2024-11-30 18:28:30,250 [Worker-37: Launching ProjectThreeClient (1)] INFO  o.eclipse.m2e.core.internal.Bundles - 	Entry: /Users/buraksimsek/.p2/pool/plugins/org.eclipse.m2e.maven.runtime_3.9.700.20240602-2313/jars/maven-resolver-connector-basic-1.9.20.jar
2024-11-30 18:28:30,251 [Worker-37: Launching ProjectThreeClient (1)] INFO  o.eclipse.m2e.core.internal.Bundles - 	Entry: /Users/buraksimsek/.p2/pool/plugins/org.eclipse.m2e.maven.runtime_3.9.700.20240602-2313/jars/maven-resolver-impl-1.9.20.jar
2024-11-30 18:28:30,251 [Worker-37: Launching ProjectThreeClient (1)] INFO  o.eclipse.m2e.core.internal.Bundles - 	Entry: /Users/buraksimsek/.p2/pool/plugins/org.eclipse.m2e.maven.runtime_3.9.700.20240602-2313/jars/maven-resolver-named-locks-1.9.20.jar
2024-11-30 18:28:30,251 [Worker-37: Launching ProjectThreeClient (1)] INFO  o.eclipse.m2e.core.internal.Bundles - 	Entry: /Users/buraksimsek/.p2/pool/plugins/org.eclipse.m2e.maven.runtime_3.9.700.20240602-2313/jars/maven-resolver-provider-3.9.7.jar
2024-11-30 18:28:30,251 [Worker-37: Launching ProjectThreeClient (1)] INFO  o.eclipse.m2e.core.internal.Bundles - 	Entry: /Users/buraksimsek/.p2/pool/plugins/org.eclipse.m2e.maven.runtime_3.9.700.20240602-2313/jars/maven-resolver-spi-1.9.20.jar
2024-11-30 18:28:30,251 [Worker-37: Launching ProjectThreeClient (1)] INFO  o.eclipse.m2e.core.internal.Bundles - 	Entry: /Users/buraksimsek/.p2/pool/plugins/org.eclipse.m2e.maven.runtime_3.9.700.20240602-2313/jars/maven-resolver-transport-file-1.9.20.jar
2024-11-30 18:28:30,251 [Worker-37: Launching ProjectThreeClient (1)] INFO  o.eclipse.m2e.core.internal.Bundles - 	Entry: /Users/buraksimsek/.p2/pool/plugins/org.eclipse.m2e.maven.runtime_3.9.700.20240602-2313/jars/maven-resolver-transport-http-1.9.20.jar
2024-11-30 18:28:30,251 [Worker-37: Launching ProjectThreeClient (1)] INFO  o.eclipse.m2e.core.internal.Bundles - 	Entry: /Users/buraksimsek/.p2/pool/plugins/org.eclipse.m2e.maven.runtime_3.9.700.20240602-2313/jars/maven-resolver-transport-wagon-1.9.20.jar
2024-11-30 18:28:30,251 [Worker-37: Launching ProjectThreeClient (1)] INFO  o.eclipse.m2e.core.internal.Bundles - 	Entry: /Users/buraksimsek/.p2/pool/plugins/org.eclipse.m2e.maven.runtime_3.9.700.20240602-2313/jars/maven-resolver-util-1.9.20.jar
2024-11-30 18:28:30,251 [Worker-37: Launching ProjectThreeClient (1)] INFO  o.eclipse.m2e.core.internal.Bundles - 	Entry: /Users/buraksimsek/.p2/pool/plugins/org.eclipse.m2e.maven.runtime_3.9.700.20240602-2313/jars/maven-settings-3.9.7.jar
2024-11-30 18:28:30,251 [Worker-37: Launching ProjectThreeClient (1)] INFO  o.eclipse.m2e.core.internal.Bundles - 	Entry: /Users/buraksimsek/.p2/pool/plugins/org.eclipse.m2e.maven.runtime_3.9.700.20240602-2313/jars/maven-settings-builder-3.9.7.jar
2024-11-30 18:28:30,251 [Worker-37: Launching ProjectThreeClient (1)] INFO  o.eclipse.m2e.core.internal.Bundles - 	Entry: /Users/buraksimsek/.p2/pool/plugins/org.eclipse.m2e.maven.runtime_3.9.700.20240602-2313/jars/maven-shared-utils-3.4.2.jar
2024-11-30 18:28:30,251 [Worker-37: Launching ProjectThreeClient (1)] INFO  o.eclipse.m2e.core.internal.Bundles - 	Entry: /Users/buraksimsek/.p2/pool/plugins/org.eclipse.m2e.maven.runtime_3.9.700.20240602-2313/jars/org.eclipse.sisu.inject-0.9.0.M2.jar
2024-11-30 18:28:30,252 [Worker-37: Launching ProjectThreeClient (1)] INFO  o.eclipse.m2e.core.internal.Bundles - 	Entry: /Users/buraksimsek/.p2/pool/plugins/org.eclipse.m2e.maven.runtime_3.9.700.20240602-2313/jars/org.eclipse.sisu.plexus-0.9.0.M2.jar
2024-11-30 18:28:30,252 [Worker-37: Launching ProjectThreeClient (1)] INFO  o.eclipse.m2e.core.internal.Bundles - 	Entry: /Users/buraksimsek/.p2/pool/plugins/org.eclipse.m2e.maven.runtime_3.9.700.20240602-2313/jars/plexus-build-api-0.0.7.jar
2024-11-30 18:28:30,252 [Worker-37: Launching ProjectThreeClient (1)] INFO  o.eclipse.m2e.core.internal.Bundles - 	Entry: /Users/buraksimsek/.p2/pool/plugins/org.eclipse.m2e.maven.runtime_3.9.700.20240602-2313/jars/plexus-build-api-1.2.0.jar
2024-11-30 18:28:30,252 [Worker-37: Launching ProjectThreeClient (1)] INFO  o.eclipse.m2e.core.internal.Bundles - 	Entry: /Users/buraksimsek/.p2/pool/plugins/org.eclipse.m2e.maven.runtime_3.9.700.20240602-2313/jars/plexus-cipher-2.0.jar
2024-11-30 18:28:30,252 [Worker-37: Launching ProjectThreeClient (1)] INFO  o.eclipse.m2e.core.internal.Bundles - 	Entry: /Users/buraksimsek/.p2/pool/plugins/org.eclipse.m2e.maven.runtime_3.9.700.20240602-2313/jars/plexus-classworlds-2.8.0.jar
2024-11-30 18:28:30,252 [Worker-37: Launching ProjectThreeClient (1)] INFO  o.eclipse.m2e.core.internal.Bundles - 	Entry: /Users/buraksimsek/.p2/pool/plugins/org.eclipse.m2e.maven.runtime_3.9.700.20240602-2313/jars/plexus-component-annotations-2.1.0.jar
2024-11-30 18:28:30,252 [Worker-37: Launching ProjectThreeClient (1)] INFO  o.eclipse.m2e.core.internal.Bundles - 	Entry: /Users/buraksimsek/.p2/pool/plugins/org.eclipse.m2e.maven.runtime_3.9.700.20240602-2313/jars/plexus-interpolation-1.27.jar
2024-11-30 18:28:30,252 [Worker-37: Launching ProjectThreeClient (1)] INFO  o.eclipse.m2e.core.internal.Bundles - 	Entry: /Users/buraksimsek/.p2/pool/plugins/org.eclipse.m2e.maven.runtime_3.9.700.20240602-2313/jars/plexus-sec-dispatcher-2.0.jar
2024-11-30 18:28:30,252 [Worker-37: Launching ProjectThreeClient (1)] INFO  o.eclipse.m2e.core.internal.Bundles - 	Entry: /Users/buraksimsek/.p2/pool/plugins/org.eclipse.m2e.maven.runtime_3.9.700.20240602-2313/jars/plexus-utils-3.5.1.jar
2024-11-30 18:28:30,252 [Worker-37: Launching ProjectThreeClient (1)] INFO  o.eclipse.m2e.core.internal.Bundles - 	Entry: /Users/buraksimsek/.p2/pool/plugins/org.eclipse.m2e.maven.runtime_3.9.700.20240602-2313/jars/wagon-file-3.5.3.jar
2024-11-30 18:28:30,252 [Worker-37: Launching ProjectThreeClient (1)] INFO  o.eclipse.m2e.core.internal.Bundles - 	Entry: /Users/buraksimsek/.p2/pool/plugins/org.eclipse.m2e.maven.runtime_3.9.700.20240602-2313/jars/wagon-http-3.5.3.jar
2024-11-30 18:28:30,252 [Worker-37: Launching ProjectThreeClient (1)] INFO  o.eclipse.m2e.core.internal.Bundles - 	Entry: /Users/buraksimsek/.p2/pool/plugins/org.eclipse.m2e.maven.runtime_3.9.700.20240602-2313/jars/wagon-http-shared-3.5.3.jar
2024-11-30 18:28:30,252 [Worker-37: Launching ProjectThreeClient (1)] INFO  o.eclipse.m2e.core.internal.Bundles - 	Entry: /Users/buraksimsek/.p2/pool/plugins/org.eclipse.m2e.maven.runtime_3.9.700.20240602-2313/jars/wagon-provider-api-3.5.3.jar
2024-11-30 18:28:30,252 [Worker-37: Launching ProjectThreeClient (1)] INFO  o.eclipse.m2e.core.internal.Bundles - getClasspathEntries(Bundle=com.google.guava_33.3.0.jre [524])
2024-11-30 18:28:30,252 [Worker-37: Launching ProjectThreeClient (1)] INFO  o.eclipse.m2e.core.internal.Bundles - 	Entry: /Users/buraksimsek/.p2/pool/plugins/com.google.guava_33.3.0.jre.jar
2024-11-30 18:28:30,252 [Worker-37: Launching ProjectThreeClient (1)] INFO  o.eclipse.m2e.core.internal.Bundles - getClasspathEntries(Bundle=slf4j.api_2.0.16 [515])
2024-11-30 18:28:30,252 [Worker-37: Launching ProjectThreeClient (1)] INFO  o.eclipse.m2e.core.internal.Bundles - 	Entry: /Users/buraksimsek/.p2/pool/plugins/slf4j.api_2.0.16.jar
2024-11-30 18:28:30,252 [Worker-37: Launching ProjectThreeClient (1)] INFO  o.eclipse.m2e.core.internal.Bundles - getClasspathEntries(Bundle=jakarta.inject.jakarta.inject-api_1.0.5 [21])
2024-11-30 18:28:30,252 [Worker-37: Launching ProjectThreeClient (1)] INFO  o.eclipse.m2e.core.internal.Bundles - 	Entry: /Users/buraksimsek/.p2/pool/plugins/jakarta.inject.jakarta.inject-api_1.0.5.jar
2024-11-30 18:28:30,252 [Worker-37: Launching ProjectThreeClient (1)] INFO  o.eclipse.m2e.core.internal.Bundles - getClasspathEntries(Bundle=javax.annotation_1.3.5.v20200909-1856 [24])
2024-11-30 18:28:30,252 [Worker-37: Launching ProjectThreeClient (1)] INFO  o.eclipse.m2e.core.internal.Bundles - 	Entry: /Users/buraksimsek/.p2/pool/plugins/javax.annotation_1.3.5.v20200909-1856.jar
2024-11-30 18:28:30,252 [Worker-37: Launching ProjectThreeClient (1)] INFO  o.eclipse.m2e.core.internal.Bundles - getClasspathEntries(Bundle=org.apache.commons.cli_1.9.0 [531])
2024-11-30 18:28:30,252 [Worker-37: Launching ProjectThreeClient (1)] INFO  o.eclipse.m2e.core.internal.Bundles - 	Entry: /Users/buraksimsek/.p2/pool/plugins/org.apache.commons.cli_1.9.0.jar
2024-11-30 18:28:30,252 [Worker-37: Launching ProjectThreeClient (1)] INFO  o.eclipse.m2e.core.internal.Bundles - getClasspathEntries(Bundle=org.apache.commons.commons-codec_1.16.0 [48])
2024-11-30 18:28:30,252 [Worker-37: Launching ProjectThreeClient (1)] INFO  o.eclipse.m2e.core.internal.Bundles - 	Entry: /Users/buraksimsek/.p2/pool/plugins/org.apache.commons.commons-codec_1.16.0.jar
2024-11-30 18:28:30,252 [Worker-37: Launching ProjectThreeClient (1)] INFO  o.eclipse.m2e.core.internal.Bundles - getClasspathEntries(Bundle=org.apache.commons.lang3_3.16.0 [533])
2024-11-30 18:28:30,253 [Worker-37: Launching ProjectThreeClient (1)] INFO  o.eclipse.m2e.core.internal.Bundles - 	Entry: /Users/buraksimsek/.p2/pool/plugins/org.apache.commons.lang3_3.16.0.jar
2024-11-30 18:28:30,253 [Worker-37: Launching ProjectThreeClient (1)] INFO  o.eclipse.m2e.core.internal.Bundles - getClasspathEntries(Bundle=com.google.guava.failureaccess_1.0.2 [11])
2024-11-30 18:28:30,253 [Worker-37: Launching ProjectThreeClient (1)] INFO  o.eclipse.m2e.core.internal.Bundles - 	Entry: /Users/buraksimsek/.p2/pool/plugins/com.google.guava.failureaccess_1.0.2.jar
2024-11-30 18:28:30,254 [Worker-37: Launching ProjectThreeClient (1)] INFO  o.e.m.i.launch.MavenLaunchDelegate - Run build in "/Users/buraksimsek/Desktop/final/ProjectThreeClient":
2024-11-30 18:28:30,254 [Worker-37: Launching ProjectThreeClient (1)] INFO  o.e.m.i.launch.MavenLaunchDelegate -  mvn  -B -Dstyle.color=always clean install
2024-11-30 18:29:42,272 [Worker-44: Building] INFO  o.e.m.c.i.l.LifecycleMappingFactory - Using org.eclipse.m2e.jdt.JarLifecycleMapping lifecycle mapping for MavenProject: CS342Fall2024:ProjectThreeServer:0.0.1-SNAPSHOT @ /Users/buraksimsek/Desktop/final/ProjectThreeServer/pom.xml.
2024-11-30 18:29:42,378 [Worker-44: Building] INFO  o.a.m.s.f.DefaultMavenResourcesFiltering - Copying 0 resource from src/main/resources to target/classes
2024-11-30 18:29:42,382 [Worker-44: Building] INFO  o.a.m.s.f.DefaultMavenResourcesFiltering - Copying 0 resource from src/test/resources to target/test-classes
2024-11-30 18:29:44,589 [Worker-46: Building] INFO  o.e.m.c.i.l.LifecycleMappingFactory - Using org.eclipse.m2e.jdt.JarLifecycleMapping lifecycle mapping for MavenProject: CS342Fall2024:ProjectThreeClient:0.0.1-SNAPSHOT @ /Users/buraksimsek/Desktop/final/ProjectThreeClient/pom.xml.
2024-11-30 18:29:44,631 [Worker-46: Building] INFO  o.a.m.s.f.DefaultMavenResourcesFiltering - Copying 0 resource from src/main/resources to target/classes
2024-11-30 18:29:44,633 [Worker-46: Building] INFO  o.a.m.s.f.DefaultMavenResourcesFiltering - Copying 0 resource from src/test/resources to target/test-classes
2024-11-30 18:30:46,710 [Worker-37: Building] INFO  o.a.m.s.f.DefaultMavenResourcesFiltering - Copying 0 resource from src/main/resources to target/classes
2024-11-30 18:30:46,724 [Worker-37: Building] INFO  o.a.m.s.f.DefaultMavenResourcesFiltering - Copying 0 resource from src/test/resources to target/test-classes
2024-11-30 18:33:32,699 [Worker-42: Building] INFO  o.a.m.s.f.DefaultMavenResourcesFiltering - Copying 0 resource from src/main/resources to target/classes
2024-11-30 18:33:32,706 [Worker-42: Building] INFO  o.a.m.s.f.DefaultMavenResourcesFiltering - Copying 0 resource from src/test/resources to target/test-classes
2024-11-30 18:34:12,345 [Worker-41: Building] INFO  o.a.m.s.f.DefaultMavenResourcesFiltering - Copying 0 resource from src/main/resources to target/classes
2024-11-30 18:34:12,347 [Worker-41: Building] INFO  o.a.m.s.f.DefaultMavenResourcesFiltering - Copying 0 resource from src/test/resources to target/test-classes
2024-11-30 18:35:08,414 [Worker-44: Building] INFO  o.a.m.s.f.DefaultMavenResourcesFiltering - Copying 0 resource from src/main/resources to target/classes
2024-11-30 18:35:08,418 [Worker-44: Building] INFO  o.a.m.s.f.DefaultMavenResourcesFiltering - Copying 0 resource from src/test/resources to target/test-classes
2024-11-30 18:35:13,218 [Worker-42: Building] INFO  o.a.m.s.f.DefaultMavenResourcesFiltering - Copying 0 resource from src/main/resources to target/classes
2024-11-30 18:35:13,225 [Worker-42: Building] INFO  o.a.m.s.f.DefaultMavenResourcesFiltering - Copying 0 resource from src/test/resources to target/test-classes
2024-11-30 18:38:05,284 [Worker-43: Building] INFO  o.a.m.s.f.DefaultMavenResourcesFiltering - Copying 0 resource from src/main/resources to target/classes
2024-11-30 18:38:05,287 [Worker-43: Building] INFO  o.a.m.s.f.DefaultMavenResourcesFiltering - Copying 0 resource from src/test/resources to target/test-classes
2024-11-30 18:38:07,974 [Worker-44: Building] INFO  o.a.m.s.f.DefaultMavenResourcesFiltering - Copying 0 resource from src/main/resources to target/classes
2024-11-30 18:38:07,977 [Worker-44: Building] INFO  o.a.m.s.f.DefaultMavenResourcesFiltering - Copying 0 resource from src/test/resources to target/test-classes
2024-11-30 18:38:41,998 [Worker-41: Building] INFO  o.a.m.s.f.DefaultMavenResourcesFiltering - Copying 0 resource from src/main/resources to target/classes
2024-11-30 18:38:42,000 [Worker-41: Building] INFO  o.a.m.s.f.DefaultMavenResourcesFiltering - Copying 0 resource from src/test/resources to target/test-classes
2024-11-30 18:38:48,757 [Worker-44: Building] INFO  o.a.m.s.f.DefaultMavenResourcesFiltering - Copying 0 resource from src/main/resources to target/classes
2024-11-30 18:38:48,760 [Worker-44: Building] INFO  o.a.m.s.f.DefaultMavenResourcesFiltering - Copying 0 resource from src/test/resources to target/test-classes
2024-11-30 18:40:38,572 [Worker-43: Building] INFO  o.a.m.s.f.DefaultMavenResourcesFiltering - Copying 0 resource from src/main/resources to target/classes
2024-11-30 18:40:38,590 [Worker-43: Building] INFO  o.a.m.s.f.DefaultMavenResourcesFiltering - Copying 0 resource from src/test/resources to target/test-classes
2024-11-30 18:43:35,336 [Worker-48: Building] INFO  o.a.m.s.f.DefaultMavenResourcesFiltering - Copying 0 resource from src/main/resources to target/classes
2024-11-30 18:43:35,339 [Worker-48: Building] INFO  o.a.m.s.f.DefaultMavenResourcesFiltering - Copying 0 resource from src/test/resources to target/test-classes
2024-11-30 18:44:22,313 [Worker-47: Building] INFO  o.a.m.s.f.DefaultMavenResourcesFiltering - Copying 0 resource from src/main/resources to target/classes
2024-11-30 18:44:22,315 [Worker-47: Building] INFO  o.a.m.s.f.DefaultMavenResourcesFiltering - Copying 0 resource from src/test/resources to target/test-classes
2024-11-30 18:45:58,665 [Worker-46: Building] INFO  o.a.m.s.f.DefaultMavenResourcesFiltering - Copying 0 resource from src/main/resources to target/classes
2024-11-30 18:45:58,667 [Worker-46: Building] INFO  o.a.m.s.f.DefaultMavenResourcesFiltering - Copying 0 resource from src/test/resources to target/test-classes
2024-11-30 18:46:17,314 [Worker-46: Building] INFO  o.a.m.s.f.DefaultMavenResourcesFiltering - Copying 1 resource from src/main/resources to target/classes
2024-11-30 18:46:17,318 [Worker-46: Building] INFO  o.a.m.s.f.DefaultMavenResourcesFiltering - Copying 0 resource from src/test/resources to target/test-classes
2024-11-30 18:47:21,586 [Worker-46: Building] INFO  o.a.m.s.f.DefaultMavenResourcesFiltering - Copying 0 resource from src/main/resources to target/classes
2024-11-30 18:47:21,588 [Worker-46: Building] INFO  o.a.m.s.f.DefaultMavenResourcesFiltering - Copying 0 resource from src/test/resources to target/test-classes
2024-11-30 18:47:46,152 [Worker-41: Building] INFO  o.a.m.s.f.DefaultMavenResourcesFiltering - Copying 1 resource from src/main/resources to target/classes
2024-11-30 18:47:46,155 [Worker-41: Building] INFO  o.a.m.s.f.DefaultMavenResourcesFiltering - Copying 0 resource from src/test/resources to target/test-classes
2024-11-30 18:49:13,498 [Worker-43: Building] INFO  o.a.m.s.f.DefaultMavenResourcesFiltering - Copying 0 resource from src/main/resources to target/classes
2024-11-30 18:49:13,501 [Worker-43: Building] INFO  o.a.m.s.f.DefaultMavenResourcesFiltering - Copying 0 resource from src/test/resources to target/test-classes
2024-11-30 18:49:39,611 [Worker-43: Building] INFO  o.a.m.s.f.DefaultMavenResourcesFiltering - Copying 1 resource from src/main/resources to target/classes
2024-11-30 18:49:39,614 [Worker-43: Building] INFO  o.a.m.s.f.DefaultMavenResourcesFiltering - Copying 0 resource from src/test/resources to target/test-classes
2024-11-30 18:51:09,864 [Worker-47: Building] INFO  o.a.m.s.f.DefaultMavenResourcesFiltering - Copying 0 resource from src/main/resources to target/classes
2024-11-30 18:51:09,906 [Worker-47: Building] INFO  o.a.m.s.f.DefaultMavenResourcesFiltering - Copying 0 resource from src/test/resources to target/test-classes
2024-11-30 18:51:23,693 [Worker-41: Building] INFO  o.a.m.s.f.DefaultMavenResourcesFiltering - Copying 0 resource from src/main/resources to target/classes
2024-11-30 18:51:23,696 [Worker-41: Building] INFO  o.a.m.s.f.DefaultMavenResourcesFiltering - Copying 0 resource from src/test/resources to target/test-classes
2024-11-30 18:52:11,722 [Worker-48: Building] INFO  o.a.m.s.f.DefaultMavenResourcesFiltering - Copying 0 resource from src/main/resources to target/classes
2024-11-30 18:52:11,728 [Worker-48: Building] INFO  o.a.m.s.f.DefaultMavenResourcesFiltering - Copying 0 resource from src/test/resources to target/test-classes
2024-11-30 18:53:07,593 [Worker-43: Building] INFO  o.a.m.s.f.DefaultMavenResourcesFiltering - Copying 0 resource from src/main/resources to target/classes
2024-11-30 18:53:07,595 [Worker-43: Building] INFO  o.a.m.s.f.DefaultMavenResourcesFiltering - Copying 0 resource from src/test/resources to target/test-classes
2024-11-30 18:54:06,686 [Worker-43: Building] INFO  o.a.m.s.f.DefaultMavenResourcesFiltering - Copying 0 resource from src/main/resources to target/classes
2024-11-30 18:54:06,688 [Worker-43: Building] INFO  o.a.m.s.f.DefaultMavenResourcesFiltering - Copying 0 resource from src/test/resources to target/test-classes
2024-11-30 18:55:58,307 [Worker-47: Building] INFO  o.a.m.s.f.DefaultMavenResourcesFiltering - Copying 0 resource from src/main/resources to target/classes
2024-11-30 18:55:58,309 [Worker-47: Building] INFO  o.a.m.s.f.DefaultMavenResourcesFiltering - Copying 0 resource from src/test/resources to target/test-classes
2024-11-30 18:56:38,666 [Worker-47: Building] INFO  o.a.m.s.f.DefaultMavenResourcesFiltering - Copying 0 resource from src/main/resources to target/classes
2024-11-30 18:56:38,667 [Worker-47: Building] INFO  o.a.m.s.f.DefaultMavenResourcesFiltering - Copying 0 resource from src/test/resources to target/test-classes
2024-11-30 18:57:23,739 [Worker-41: Building] INFO  o.a.m.s.f.DefaultMavenResourcesFiltering - Copying 0 resource from src/main/resources to target/classes
2024-11-30 18:57:23,742 [Worker-41: Building] INFO  o.a.m.s.f.DefaultMavenResourcesFiltering - Copying 0 resource from src/test/resources to target/test-classes
2024-11-30 18:57:50,161 [Worker-43: Building] INFO  o.a.m.s.f.DefaultMavenResourcesFiltering - Copying 0 resource from src/main/resources to target/classes
2024-11-30 18:57:50,163 [Worker-43: Building] INFO  o.a.m.s.f.DefaultMavenResourcesFiltering - Copying 0 resource from src/test/resources to target/test-classes
2024-11-30 18:58:14,716 [Worker-43: Building] INFO  o.a.m.s.f.DefaultMavenResourcesFiltering - Copying 0 resource from src/main/resources to target/classes
2024-11-30 18:58:14,719 [Worker-43: Building] INFO  o.a.m.s.f.DefaultMavenResourcesFiltering - Copying 0 resource from src/test/resources to target/test-classes
2024-11-30 18:59:28,491 [Worker-41: Building] INFO  o.a.m.s.f.DefaultMavenResourcesFiltering - Copying 0 resource from src/main/resources to target/classes
2024-11-30 18:59:28,494 [Worker-41: Building] INFO  o.a.m.s.f.DefaultMavenResourcesFiltering - Copying 0 resource from src/test/resources to target/test-classes
2024-11-30 19:00:44,726 [Worker-41: Building] INFO  o.a.m.s.f.DefaultMavenResourcesFiltering - Copying 1 resource from src/main/resources to target/classes
2024-11-30 19:00:44,729 [Worker-41: Building] INFO  o.a.m.s.f.DefaultMavenResourcesFiltering - Copying 0 resource from src/test/resources to target/test-classes
